# JRE version: OpenJDK Runtime Environment (8.0_242-b01) (build 1.8.0_242-release-1644-b01)
# Java VM: OpenJDK 64-Bit Server VM (25.242-b01 mixed mode windows-amd64 compressed oops)
Heap:
 PSYoungGen      total 235008K, used 102567K [0x00000000d5580000, 0x00000000e5f80000, 0x0000000100000000)
  eden space 214528K, 47% used [0x00000000d5580000,0x00000000db9a9ce8,0x00000000e2700000)
  from space 20480K, 0% used [0x00000000e3b00000,0x00000000e3b00000,0x00000000e4f00000)
  to   space 20480K, 0% used [0x00000000e2700000,0x00000000e2700000,0x00000000e3b00000)
 ParOldGen       total 113664K, used 31761K [0x0000000080000000, 0x0000000086f00000, 0x00000000d5580000)
  object space 113664K, 27% used [0x0000000080000000,0x0000000081f04758,0x0000000086f00000)
 Metaspace       used 62927K, capacity 66036K, committed 66344K, reserved 1105920K
  class space    used 8774K, capacity 9395K, committed 9520K, reserved 1048576K
GC Heap History (10 events):
Event: 3.477 GC heap before
{Heap before GC invocations=11 (full 2):
 PSYoungGen      total 138240K, used 11246K [0x00000000d5580000, 0x00000000e1b80000, 0x0000000100000000)
  eden space 126976K, 0% used [0x00000000d5580000,0x00000000d5580000,0x00000000dd180000)
  from space 11264K, 99% used [0x00000000dd180000,0x00000000ddc7bbe8,0x00000000ddc80000)
  to   space 13824K, 0% used [0x00000000e0e00000,0x00000000e0e00000,0x00000000e1b80000)
 ParOldGen       total 48640K, used 8588K [0x0000000080000000, 0x0000000082f80000, 0x00000000d5580000)
  object space 48640K, 17% used [0x0000000080000000,0x0000000080863358,0x0000000082f80000)
 Metaspace       used 34224K, capacity 35442K, committed 35496K, reserved 1079296K
  class space    used 4713K, capacity 5028K, committed 5040K, reserved 1048576K
Event: 3.546 GC heap after
Heap after GC invocations=11 (full 2):
 PSYoungGen      total 138240K, used 0K [0x00000000d5580000, 0x00000000e1b80000, 0x0000000100000000)
  eden space 126976K, 0% used [0x00000000d5580000,0x00000000d5580000,0x00000000dd180000)
  from space 11264K, 0% used [0x00000000dd180000,0x00000000dd180000,0x00000000ddc80000)
  to   space 13824K, 0% used [0x00000000e0e00000,0x00000000e0e00000,0x00000000e1b80000)
 ParOldGen       total 77824K, used 19111K [0x0000000080000000, 0x0000000084c00000, 0x00000000d5580000)
  object space 77824K, 24% used [0x0000000080000000,0x00000000812a9ef0,0x0000000084c00000)
 Metaspace       used 34224K, capacity 35442K, committed 35496K, reserved 1079296K
  class space    used 4713K, capacity 5028K, committed 5040K, reserved 1048576K
}
Event: 4.317 GC heap before
{Heap before GC invocations=12 (full 2):
 PSYoungGen      total 138240K, used 126976K [0x00000000d5580000, 0x00000000e1b80000, 0x0000000100000000)
  eden space 126976K, 100% used [0x00000000d5580000,0x00000000dd180000,0x00000000dd180000)
  from space 11264K, 0% used [0x00000000dd180000,0x00000000dd180000,0x00000000ddc80000)
  to   space 13824K, 0% used [0x00000000e0e00000,0x00000000e0e00000,0x00000000e1b80000)
 ParOldGen       total 77824K, used 19111K [0x0000000080000000, 0x0000000084c00000, 0x00000000d5580000)
  object space 77824K, 24% used [0x0000000080000000,0x00000000812a9ef0,0x0000000084c00000)
 Metaspace       used 39120K, capacity 41002K, committed 41256K, reserved 1085440K
  class space    used 5421K, capacity 5837K, committed 5936K, reserved 1048576K
Event: 4.324 GC heap after
Heap after GC invocations=12 (full 2):
 PSYoungGen      total 175616K, used 9618K [0x00000000d5580000, 0x00000000e1780000, 0x0000000100000000)
  eden space 165888K, 0% used [0x00000000d5580000,0x00000000d5580000,0x00000000df780000)
  from space 9728K, 98% used [0x00000000e0e00000,0x00000000e1764a90,0x00000000e1780000)
  to   space 13824K, 0% used [0x00000000dfc80000,0x00000000dfc80000,0x00000000e0a00000)
 ParOldGen       total 77824K, used 19119K [0x0000000080000000, 0x0000000084c00000, 0x00000000d5580000)
  object space 77824K, 24% used [0x0000000080000000,0x00000000812abef0,0x0000000084c00000)
 Metaspace       used 39120K, capacity 41002K, committed 41256K, reserved 1085440K
  class space    used 5421K, capacity 5837K, committed 5936K, reserved 1048576K
}
Event: 5.802 GC heap before
{Heap before GC invocations=13 (full 2):
 PSYoungGen      total 175616K, used 175506K [0x00000000d5580000, 0x00000000e1780000, 0x0000000100000000)
  eden space 165888K, 100% used [0x00000000d5580000,0x00000000df780000,0x00000000df780000)
  from space 9728K, 98% used [0x00000000e0e00000,0x00000000e1764a90,0x00000000e1780000)
  to   space 13824K, 0% used [0x00000000dfc80000,0x00000000dfc80000,0x00000000e0a00000)
 ParOldGen       total 77824K, used 19119K [0x0000000080000000, 0x0000000084c00000, 0x00000000d5580000)
  object space 77824K, 24% used [0x0000000080000000,0x00000000812abef0,0x0000000084c00000)
 Metaspace       used 55359K, capacity 57654K, committed 57768K, reserved 1099776K
  class space    used 7562K, capacity 8072K, committed 8112K, reserved 1048576K
Event: 5.836 GC heap after
Heap after GC invocations=13 (full 2):
 PSYoungGen      total 184832K, used 13804K [0x00000000d5580000, 0x00000000e4f00000, 0x0000000100000000)
  eden space 171008K, 0% used [0x00000000d5580000,0x00000000d5580000,0x00000000dfc80000)
  from space 13824K, 99% used [0x00000000dfc80000,0x00000000e09fb330,0x00000000e0a00000)
  to   space 20480K, 0% used [0x00000000e3b00000,0x00000000e3b00000,0x00000000e4f00000)
 ParOldGen       total 77824K, used 31820K [0x0000000080000000, 0x0000000084c00000, 0x00000000d5580000)
  object space 77824K, 40% used [0x0000000080000000,0x0000000081f130f0,0x0000000084c00000)
 Metaspace       used 55359K, capacity 57654K, committed 57768K, reserved 1099776K
  class space    used 7562K, capacity 8072K, committed 8112K, reserved 1048576K
}
Event: 6.009 GC heap before
{Heap before GC invocations=14 (full 2):
 PSYoungGen      total 184832K, used 35091K [0x00000000d5580000, 0x00000000e4f00000, 0x0000000100000000)
  eden space 171008K, 12% used [0x00000000d5580000,0x00000000d6a498e8,0x00000000dfc80000)
  from space 13824K, 99% used [0x00000000dfc80000,0x00000000e09fb330,0x00000000e0a00000)
  to   space 20480K, 0% used [0x00000000e3b00000,0x00000000e3b00000,0x00000000e4f00000)
 ParOldGen       total 77824K, used 31820K [0x0000000080000000, 0x0000000084c00000, 0x00000000d5580000)
  object space 77824K, 40% used [0x0000000080000000,0x0000000081f130f0,0x0000000084c00000)
 Metaspace       used 56605K, capacity 59068K, committed 59160K, reserved 1099776K
  class space    used 7770K, capacity 8301K, committed 8368K, reserved 1048576K
Event: 6.026 GC heap after
Heap after GC invocations=14 (full 2):
 PSYoungGen      total 235008K, used 2016K [0x00000000d5580000, 0x00000000e5f80000, 0x0000000100000000)
  eden space 214528K, 0% used [0x00000000d5580000,0x00000000d5580000,0x00000000e2700000)
  from space 20480K, 9% used [0x00000000e3b00000,0x00000000e3cf8000,0x00000000e4f00000)
  to   space 20480K, 0% used [0x00000000e2700000,0x00000000e2700000,0x00000000e3b00000)
 ParOldGen       total 77824K, used 45495K [0x0000000080000000, 0x0000000084c00000, 0x00000000d5580000)
  object space 77824K, 58% used [0x0000000080000000,0x0000000082c6de18,0x0000000084c00000)
 Metaspace       used 56605K, capacity 59068K, committed 59160K, reserved 1099776K
  class space    used 7770K, capacity 8301K, committed 8368K, reserved 1048576K
}
Event: 6.026 GC heap before
{Heap before GC invocations=15 (full 3):
 PSYoungGen      total 235008K, used 2016K [0x00000000d5580000, 0x00000000e5f80000, 0x0000000100000000)
  eden space 214528K, 0% used [0x00000000d5580000,0x00000000d5580000,0x00000000e2700000)
  from space 20480K, 9% used [0x00000000e3b00000,0x00000000e3cf8000,0x00000000e4f00000)
  to   space 20480K, 0% used [0x00000000e2700000,0x00000000e2700000,0x00000000e3b00000)
 ParOldGen       total 77824K, used 45495K [0x0000000080000000, 0x0000000084c00000, 0x00000000d5580000)
  object space 77824K, 58% used [0x0000000080000000,0x0000000082c6de18,0x0000000084c00000)
 Metaspace       used 56605K, capacity 59068K, committed 59160K, reserved 1099776K
  class space    used 7770K, capacity 8301K, committed 8368K, reserved 1048576K
Event: 6.153 GC heap after
Heap after GC invocations=15 (full 3):
 PSYoungGen      total 235008K, used 0K [0x00000000d5580000, 0x00000000e5f80000, 0x0000000100000000)
  eden space 214528K, 0% used [0x00000000d5580000,0x00000000d5580000,0x00000000e2700000)
  from space 20480K, 0% used [0x00000000e3b00000,0x00000000e3b00000,0x00000000e4f00000)
  to   space 20480K, 0% used [0x00000000e2700000,0x00000000e2700000,0x00000000e3b00000)
 ParOldGen       total 113664K, used 31761K [0x0000000080000000, 0x0000000086f00000, 0x00000000d5580000)
  object space 113664K, 27% used [0x0000000080000000,0x0000000081f04758,0x0000000086f00000)
 Metaspace       used 56559K, capacity 58912K, committed 59160K, reserved 1099776K
  class space    used 7756K, capacity 8275K, committed 8368K, reserved 1048576K
}

