# JRE version: OpenJDK Runtime Environment (8.0_242-b01) (build 1.8.0_242-release-1644-b01)
# Java VM: OpenJDK 64-Bit Server VM (25.242-b01 mixed mode windows-amd64 compressed oops)
Heap:
 PSYoungGen      total 233984K, used 219628K [0x00000000d5580000, 0x00000000e5600000, 0x0000000100000000)
  eden space 213504K, 96% used [0x00000000d5580000,0x00000000e1f51108,0x00000000e2600000)
  from space 20480K, 63% used [0x00000000e3a00000,0x00000000e46aa1d8,0x00000000e4e00000)
  to   space 20480K, 0% used [0x00000000e2600000,0x00000000e2600000,0x00000000e3a00000)
 ParOldGen       total 116736K, used 42064K [0x0000000080000000, 0x0000000087200000, 0x00000000d5580000)
  object space 116736K, 36% used [0x0000000080000000,0x0000000082914308,0x0000000087200000)
 Metaspace       used 75554K, capacity 79518K, committed 79784K, reserved 1118208K
  class space    used 10061K, capacity 10828K, committed 10928K, reserved 1048576K
GC Heap History (10 events):
Event: 5.087 GC heap before
{Heap before GC invocations=13 (full 2):
 PSYoungGen      total 175616K, used 175487K [0x00000000d5580000, 0x00000000e1480000, 0x0000000100000000)
  eden space 165888K, 100% used [0x00000000d5580000,0x00000000df780000,0x00000000df780000)
  from space 9728K, 98% used [0x00000000e0b00000,0x00000000e145ff50,0x00000000e1480000)
  to   space 13824K, 0% used [0x00000000df980000,0x00000000df980000,0x00000000e0700000)
 ParOldGen       total 78848K, used 19031K [0x0000000080000000, 0x0000000084d00000, 0x00000000d5580000)
  object space 78848K, 24% used [0x0000000080000000,0x0000000081295d70,0x0000000084d00000)
 Metaspace       used 55289K, capacity 57718K, committed 57768K, reserved 1099776K
  class space    used 7553K, capacity 8074K, committed 8112K, reserved 1048576K
Event: 5.112 GC heap after
Heap after GC invocations=13 (full 2):
 PSYoungGen      total 181760K, used 13804K [0x00000000d5580000, 0x00000000e4e00000, 0x0000000100000000)
  eden space 167936K, 0% used [0x00000000d5580000,0x00000000d5580000,0x00000000df980000)
  from space 13824K, 99% used [0x00000000df980000,0x00000000e06fb330,0x00000000e0700000)
  to   space 20480K, 0% used [0x00000000e3a00000,0x00000000e3a00000,0x00000000e4e00000)
 ParOldGen       total 78848K, used 31684K [0x0000000080000000, 0x0000000084d00000, 0x00000000d5580000)
  object space 78848K, 40% used [0x0000000080000000,0x0000000081ef1048,0x0000000084d00000)
 Metaspace       used 55289K, capacity 57718K, committed 57768K, reserved 1099776K
  class space    used 7553K, capacity 8074K, committed 8112K, reserved 1048576K
}
Event: 5.269 GC heap before
{Heap before GC invocations=14 (full 2):
 PSYoungGen      total 181760K, used 37379K [0x00000000d5580000, 0x00000000e4e00000, 0x0000000100000000)
  eden space 167936K, 14% used [0x00000000d5580000,0x00000000d6c85c78,0x00000000df980000)
  from space 13824K, 99% used [0x00000000df980000,0x00000000e06fb330,0x00000000e0700000)
  to   space 20480K, 0% used [0x00000000e3a00000,0x00000000e3a00000,0x00000000e4e00000)
 ParOldGen       total 78848K, used 31684K [0x0000000080000000, 0x0000000084d00000, 0x00000000d5580000)
  object space 78848K, 40% used [0x0000000080000000,0x0000000081ef1048,0x0000000084d00000)
 Metaspace       used 56648K, capacity 59056K, committed 59160K, reserved 1099776K
  class space    used 7772K, capacity 8301K, committed 8368K, reserved 1048576K
Event: 5.281 GC heap after
Heap after GC invocations=14 (full 2):
 PSYoungGen      total 233984K, used 2144K [0x00000000d5580000, 0x00000000e5600000, 0x0000000100000000)
  eden space 213504K, 0% used [0x00000000d5580000,0x00000000d5580000,0x00000000e2600000)
  from space 20480K, 10% used [0x00000000e3a00000,0x00000000e3c18000,0x00000000e4e00000)
  to   space 20480K, 0% used [0x00000000e2600000,0x00000000e2600000,0x00000000e3a00000)
 ParOldGen       total 78848K, used 45371K [0x0000000080000000, 0x0000000084d00000, 0x00000000d5580000)
  object space 78848K, 57% used [0x0000000080000000,0x0000000082c4eea8,0x0000000084d00000)
 Metaspace       used 56648K, capacity 59056K, committed 59160K, reserved 1099776K
  class space    used 7772K, capacity 8301K, committed 8368K, reserved 1048576K
}
Event: 5.281 GC heap before
{Heap before GC invocations=15 (full 3):
 PSYoungGen      total 233984K, used 2144K [0x00000000d5580000, 0x00000000e5600000, 0x0000000100000000)
  eden space 213504K, 0% used [0x00000000d5580000,0x00000000d5580000,0x00000000e2600000)
  from space 20480K, 10% used [0x00000000e3a00000,0x00000000e3c18000,0x00000000e4e00000)
  to   space 20480K, 0% used [0x00000000e2600000,0x00000000e2600000,0x00000000e3a00000)
 ParOldGen       total 78848K, used 45371K [0x0000000080000000, 0x0000000084d00000, 0x00000000d5580000)
  object space 78848K, 57% used [0x0000000080000000,0x0000000082c4eea8,0x0000000084d00000)
 Metaspace       used 56648K, capacity 59056K, committed 59160K, reserved 1099776K
  class space    used 7772K, capacity 8301K, committed 8368K, reserved 1048576K
Event: 5.407 GC heap after
Heap after GC invocations=15 (full 3):
 PSYoungGen      total 233984K, used 0K [0x00000000d5580000, 0x00000000e5600000, 0x0000000100000000)
  eden space 213504K, 0% used [0x00000000d5580000,0x00000000d5580000,0x00000000e2600000)
  from space 20480K, 0% used [0x00000000e3a00000,0x00000000e3a00000,0x00000000e4e00000)
  to   space 20480K, 0% used [0x00000000e2600000,0x00000000e2600000,0x00000000e3a00000)
 ParOldGen       total 116736K, used 31815K [0x0000000080000000, 0x0000000087200000, 0x00000000d5580000)
  object space 116736K, 27% used [0x0000000080000000,0x0000000081f11fd0,0x0000000087200000)
 Metaspace       used 56599K, capacity 58888K, committed 59160K, reserved 1099776K
  class space    used 7757K, capacity 8273K, committed 8368K, reserved 1048576K
}
Event: 7.509 GC heap before
{Heap before GC invocations=16 (full 3):
 PSYoungGen      total 233984K, used 213504K [0x00000000d5580000, 0x00000000e5600000, 0x0000000100000000)
  eden space 213504K, 100% used [0x00000000d5580000,0x00000000e2600000,0x00000000e2600000)
  from space 20480K, 0% used [0x00000000e3a00000,0x00000000e3a00000,0x00000000e4e00000)
  to   space 20480K, 0% used [0x00000000e2600000,0x00000000e2600000,0x00000000e3a00000)
 ParOldGen       total 116736K, used 31815K [0x0000000080000000, 0x0000000087200000, 0x00000000d5580000)
  object space 116736K, 27% used [0x0000000080000000,0x0000000081f11fd0,0x0000000087200000)
 Metaspace       used 65415K, capacity 68772K, committed 68904K, reserved 1107968K
  class space    used 9034K, capacity 9699K, committed 9776K, reserved 1048576K
Event: 7.528 GC heap after
Heap after GC invocations=16 (full 3):
 PSYoungGen      total 233984K, used 20468K [0x00000000d5580000, 0x00000000e5600000, 0x0000000100000000)
  eden space 213504K, 0% used [0x00000000d5580000,0x00000000d5580000,0x00000000e2600000)
  from space 20480K, 99% used [0x00000000e2600000,0x00000000e39fd018,0x00000000e3a00000)
  to   space 20480K, 0% used [0x00000000e3a00000,0x00000000e3a00000,0x00000000e4e00000)
 ParOldGen       total 116736K, used 34376K [0x0000000080000000, 0x0000000087200000, 0x00000000d5580000)
  object space 116736K, 29% used [0x0000000080000000,0x0000000082192170,0x0000000087200000)
 Metaspace       used 65415K, capacity 68772K, committed 68904K, reserved 1107968K
  class space    used 9034K, capacity 9699K, committed 9776K, reserved 1048576K
}
Event: 9.205 GC heap before
{Heap before GC invocations=17 (full 3):
 PSYoungGen      total 233984K, used 233972K [0x00000000d5580000, 0x00000000e5600000, 0x0000000100000000)
  eden space 213504K, 100% used [0x00000000d5580000,0x00000000e2600000,0x00000000e2600000)
  from space 20480K, 99% used [0x00000000e2600000,0x00000000e39fd018,0x00000000e3a00000)
  to   space 20480K, 0% used [0x00000000e3a00000,0x00000000e3a00000,0x00000000e4e00000)
 ParOldGen       total 116736K, used 34376K [0x0000000080000000, 0x0000000087200000, 0x00000000d5580000)
  object space 116736K, 29% used [0x0000000080000000,0x0000000082192170,0x0000000087200000)
 Metaspace       used 73691K, capacity 77510K, committed 77864K, reserved 1116160K
  class space    used 9942K, capacity 10674K, committed 10800K, reserved 1048576K
Event: 9.221 GC heap after
Heap after GC invocations=17 (full 3):
 PSYoungGen      total 233984K, used 12968K [0x00000000d5580000, 0x00000000e5600000, 0x0000000100000000)
  eden space 213504K, 0% used [0x00000000d5580000,0x00000000d5580000,0x00000000e2600000)
  from space 20480K, 63% used [0x00000000e3a00000,0x00000000e46aa1d8,0x00000000e4e00000)
  to   space 20480K, 0% used [0x00000000e2600000,0x00000000e2600000,0x00000000e3a00000)
 ParOldGen       total 116736K, used 42064K [0x0000000080000000, 0x0000000087200000, 0x00000000d5580000)
  object space 116736K, 36% used [0x0000000080000000,0x0000000082914308,0x0000000087200000)
 Metaspace       used 73691K, capacity 77510K, committed 77864K, reserved 1116160K
  class space    used 9942K, capacity 10674K, committed 10800K, reserved 1048576K
}

