# JRE version: OpenJDK Runtime Environment (8.0_242-b01) (build 1.8.0_242-release-1644-b01)
# Java VM: OpenJDK 64-Bit Server VM (25.242-b01 mixed mode windows-amd64 compressed oops)
Heap:
 PSYoungGen      total 321536K, used 111859K [0x00000000d5580000, 0x00000000eaa80000, 0x0000000100000000)
  eden space 302080K, 30% used [0x00000000d5580000,0x00000000dafbd430,0x00000000e7c80000)
  from space 19456K, 99% used [0x00000000e9400000,0x00000000ea6ff860,0x00000000ea700000)
  to   space 23552K, 0% used [0x00000000e7c80000,0x00000000e7c80000,0x00000000e9380000)
 ParOldGen       total 119296K, used 61165K [0x0000000080000000, 0x0000000087480000, 0x00000000d5580000)
  object space 119296K, 51% used [0x0000000080000000,0x0000000083bbb408,0x0000000087480000)
 Metaspace       used 82447K, capacity 88574K, committed 88872K, reserved 1126400K
  class space    used 11616K, capacity 12729K, committed 12848K, reserved 1048576K
GC Heap History (10 events):
Event: 4.289 GC heap before
{Heap before GC invocations=11 (full 2):
 PSYoungGen      total 243200K, used 227840K [0x00000000d5580000, 0x00000000e5680000, 0x0000000100000000)
  eden space 227840K, 100% used [0x00000000d5580000,0x00000000e3400000,0x00000000e3400000)
  from space 15360K, 0% used [0x00000000e4380000,0x00000000e4380000,0x00000000e5280000)
  to   space 15872K, 0% used [0x00000000e3400000,0x00000000e3400000,0x00000000e4380000)
 ParOldGen       total 78848K, used 16912K [0x0000000080000000, 0x0000000084d00000, 0x00000000d5580000)
  object space 78848K, 21% used [0x0000000080000000,0x00000000810840a8,0x0000000084d00000)
 Metaspace       used 46377K, capacity 48332K, committed 48552K, reserved 1091584K
  class space    used 6299K, capacity 6710K, committed 6832K, reserved 1048576K
Event: 4.304 GC heap after
Heap after GC invocations=11 (full 2):
 PSYoungGen      total 243712K, used 15870K [0x00000000d5580000, 0x00000000ea700000, 0x0000000100000000)
  eden space 227840K, 0% used [0x00000000d5580000,0x00000000d5580000,0x00000000e3400000)
  from space 15872K, 99% used [0x00000000e3400000,0x00000000e437f948,0x00000000e4380000)
  to   space 19456K, 0% used [0x00000000e9400000,0x00000000e9400000,0x00000000ea700000)
 ParOldGen       total 78848K, used 19563K [0x0000000080000000, 0x0000000084d00000, 0x00000000d5580000)
  object space 78848K, 24% used [0x0000000080000000,0x000000008131ad48,0x0000000084d00000)
 Metaspace       used 46377K, capacity 48332K, committed 48552K, reserved 1091584K
  class space    used 6299K, capacity 6710K, committed 6832K, reserved 1048576K
}
Event: 5.273 GC heap before
{Heap before GC invocations=12 (full 2):
 PSYoungGen      total 243712K, used 139082K [0x00000000d5580000, 0x00000000ea700000, 0x0000000100000000)
  eden space 227840K, 54% used [0x00000000d5580000,0x00000000dcdd30f8,0x00000000e3400000)
  from space 15872K, 99% used [0x00000000e3400000,0x00000000e437f948,0x00000000e4380000)
  to   space 19456K, 0% used [0x00000000e9400000,0x00000000e9400000,0x00000000ea700000)
 ParOldGen       total 78848K, used 19563K [0x0000000080000000, 0x0000000084d00000, 0x00000000d5580000)
  object space 78848K, 24% used [0x0000000080000000,0x000000008131ad48,0x0000000084d00000)
 Metaspace       used 56644K, capacity 59036K, committed 59160K, reserved 1099776K
  class space    used 7776K, capacity 8299K, committed 8368K, reserved 1048576K
Event: 5.293 GC heap after
Heap after GC invocations=12 (full 2):
 PSYoungGen      total 321536K, used 19442K [0x00000000d5580000, 0x00000000eaa80000, 0x0000000100000000)
  eden space 302080K, 0% used [0x00000000d5580000,0x00000000d5580000,0x00000000e7c80000)
  from space 19456K, 99% used [0x00000000e9400000,0x00000000ea6fc8d8,0x00000000ea700000)
  to   space 23552K, 0% used [0x00000000e7c80000,0x00000000e7c80000,0x00000000e9380000)
 ParOldGen       total 78848K, used 24196K [0x0000000080000000, 0x0000000084d00000, 0x00000000d5580000)
  object space 78848K, 30% used [0x0000000080000000,0x00000000817a13b8,0x0000000084d00000)
 Metaspace       used 56644K, capacity 59036K, committed 59160K, reserved 1099776K
  class space    used 7776K, capacity 8299K, committed 8368K, reserved 1048576K
}
Event: 5.293 GC heap before
{Heap before GC invocations=13 (full 3):
 PSYoungGen      total 321536K, used 19442K [0x00000000d5580000, 0x00000000eaa80000, 0x0000000100000000)
  eden space 302080K, 0% used [0x00000000d5580000,0x00000000d5580000,0x00000000e7c80000)
  from space 19456K, 99% used [0x00000000e9400000,0x00000000ea6fc8d8,0x00000000ea700000)
  to   space 23552K, 0% used [0x00000000e7c80000,0x00000000e7c80000,0x00000000e9380000)
 ParOldGen       total 78848K, used 24196K [0x0000000080000000, 0x0000000084d00000, 0x00000000d5580000)
  object space 78848K, 30% used [0x0000000080000000,0x00000000817a13b8,0x0000000084d00000)
 Metaspace       used 56644K, capacity 59036K, committed 59160K, reserved 1099776K
  class space    used 7776K, capacity 8299K, committed 8368K, reserved 1048576K
Event: 5.466 GC heap after
Heap after GC invocations=13 (full 3):
 PSYoungGen      total 321536K, used 0K [0x00000000d5580000, 0x00000000eaa80000, 0x0000000100000000)
  eden space 302080K, 0% used [0x00000000d5580000,0x00000000d5580000,0x00000000e7c80000)
  from space 19456K, 0% used [0x00000000e9400000,0x00000000e9400000,0x00000000ea700000)
  to   space 23552K, 0% used [0x00000000e7c80000,0x00000000e7c80000,0x00000000e9380000)
 ParOldGen       total 119296K, used 37969K [0x0000000080000000, 0x0000000087480000, 0x00000000d5580000)
  object space 119296K, 31% used [0x0000000080000000,0x00000000825147d8,0x0000000087480000)
 Metaspace       used 56605K, capacity 58904K, committed 59160K, reserved 1099776K
  class space    used 7764K, capacity 8277K, committed 8368K, reserved 1048576K
}
Event: 7.925 GC heap before
{Heap before GC invocations=14 (full 3):
 PSYoungGen      total 321536K, used 302080K [0x00000000d5580000, 0x00000000eaa80000, 0x0000000100000000)
  eden space 302080K, 100% used [0x00000000d5580000,0x00000000e7c80000,0x00000000e7c80000)
  from space 19456K, 0% used [0x00000000e9400000,0x00000000e9400000,0x00000000ea700000)
  to   space 23552K, 0% used [0x00000000e7c80000,0x00000000e7c80000,0x00000000e9380000)
 ParOldGen       total 119296K, used 37969K [0x0000000080000000, 0x0000000087480000, 0x00000000d5580000)
  object space 119296K, 31% used [0x0000000080000000,0x00000000825147d8,0x0000000087480000)
 Metaspace       used 75305K, capacity 79924K, committed 80040K, reserved 1118208K
  class space    used 10499K, capacity 11398K, committed 11440K, reserved 1048576K
Event: 7.953 GC heap after
Heap after GC invocations=14 (full 3):
 PSYoungGen      total 325632K, used 23534K [0x00000000d5580000, 0x00000000eaa80000, 0x0000000100000000)
  eden space 302080K, 0% used [0x00000000d5580000,0x00000000d5580000,0x00000000e7c80000)
  from space 23552K, 99% used [0x00000000e7c80000,0x00000000e937b840,0x00000000e9380000)
  to   space 19456K, 0% used [0x00000000e9400000,0x00000000e9400000,0x00000000ea700000)
 ParOldGen       total 119296K, used 45661K [0x0000000080000000, 0x0000000087480000, 0x00000000d5580000)
  object space 119296K, 38% used [0x0000000080000000,0x0000000082c974d8,0x0000000087480000)
 Metaspace       used 75305K, capacity 79924K, committed 80040K, reserved 1118208K
  class space    used 10499K, capacity 11398K, committed 11440K, reserved 1048576K
}
Event: 9.077 GC heap before
{Heap before GC invocations=15 (full 3):
 PSYoungGen      total 325632K, used 325614K [0x00000000d5580000, 0x00000000eaa80000, 0x0000000100000000)
  eden space 302080K, 100% used [0x00000000d5580000,0x00000000e7c80000,0x00000000e7c80000)
  from space 23552K, 99% used [0x00000000e7c80000,0x00000000e937b840,0x00000000e9380000)
  to   space 19456K, 0% used [0x00000000e9400000,0x00000000e9400000,0x00000000ea700000)
 ParOldGen       total 119296K, used 45661K [0x0000000080000000, 0x0000000087480000, 0x00000000d5580000)
  object space 119296K, 38% used [0x0000000080000000,0x0000000082c974d8,0x0000000087480000)
 Metaspace       used 82174K, capacity 88250K, committed 88488K, reserved 1124352K
  class space    used 11579K, capacity 12677K, committed 12720K, reserved 1048576K
Event: 9.106 GC heap after
Heap after GC invocations=15 (full 3):
 PSYoungGen      total 321536K, used 19454K [0x00000000d5580000, 0x00000000eaa80000, 0x0000000100000000)
  eden space 302080K, 0% used [0x00000000d5580000,0x00000000d5580000,0x00000000e7c80000)
  from space 19456K, 99% used [0x00000000e9400000,0x00000000ea6ff860,0x00000000ea700000)
  to   space 23552K, 0% used [0x00000000e7c80000,0x00000000e7c80000,0x00000000e9380000)
 ParOldGen       total 119296K, used 61165K [0x0000000080000000, 0x0000000087480000, 0x00000000d5580000)
  object space 119296K, 51% used [0x0000000080000000,0x0000000083bbb408,0x0000000087480000)
 Metaspace       used 82174K, capacity 88250K, committed 88488K, reserved 1124352K
  class space    used 11579K, capacity 12677K, committed 12720K, reserved 1048576K
}

