# JRE version: OpenJDK Runtime Environment (11.0.10) (build 11.0.10+0-b96-7249189)
# Java VM: OpenJDK 64-Bit Server VM (11.0.10+0-b96-7249189, mixed mode, tiered, compressed oops, g1 gc, windows-amd64)
Heap:
 garbage-first heap   total 657408K, used 209383K [0x0000000080000000, 0x0000000100000000)
  region size 1024K, 3 young (3072K), 3 survivors (3072K)
 Metaspace       used 178466K, capacity 186359K, committed 187776K, reserved 1212416K
  class space    used 21718K, capacity 24352K, committed 24576K, reserved 1048576K
GC Heap History (20 events):
Event: 1175.312 GC heap after
{Heap after GC invocations=227 (full 5):
 garbage-first heap   total 477184K, used 206492K [0x0000000080000000, 0x0000000100000000)
  region size 1024K, 5 young (5120K), 5 survivors (5120K)
 Metaspace       used 178367K, capacity 186219K, committed 187776K, reserved 1212416K
  class space    used 21715K, capacity 24349K, committed 24576K, reserved 1048576K
}
Event: 1175.331 GC heap before
{Heap before GC invocations=227 (full 5):
 garbage-first heap   total 477184K, used 224924K [0x0000000080000000, 0x0000000100000000)
  region size 1024K, 23 young (23552K), 5 survivors (5120K)
 Metaspace       used 178378K, capacity 186284K, committed 187776K, reserved 1212416K
  class space    used 21715K, capacity 24349K, committed 24576K, reserved 1048576K
}
Event: 1175.338 GC heap after
{Heap after GC invocations=228 (full 5):
 garbage-first heap   total 477184K, used 205949K [0x0000000080000000, 0x0000000100000000)
  region size 1024K, 1 young (1024K), 1 survivors (1024K)
 Metaspace       used 178378K, capacity 186284K, committed 187776K, reserved 1212416K
  class space    used 21715K, capacity 24349K, committed 24576K, reserved 1048576K
}
Event: 1175.521 GC heap before
{Heap before GC invocations=228 (full 5):
 garbage-first heap   total 477184K, used 398461K [0x0000000080000000, 0x0000000100000000)
  region size 1024K, 189 young (193536K), 1 survivors (1024K)
 Metaspace       used 178388K, capacity 186284K, committed 187776K, reserved 1212416K
  class space    used 21715K, capacity 24349K, committed 24576K, reserved 1048576K
}
Event: 1175.528 GC heap after
{Heap after GC invocations=229 (full 5):
 garbage-first heap   total 477184K, used 208063K [0x0000000080000000, 0x0000000100000000)
  region size 1024K, 3 young (3072K), 3 survivors (3072K)
 Metaspace       used 178388K, capacity 186284K, committed 187776K, reserved 1212416K
  class space    used 21715K, capacity 24349K, committed 24576K, reserved 1048576K
}
Event: 1175.887 GC heap before
{Heap before GC invocations=229 (full 5):
 garbage-first heap   total 477184K, used 402623K [0x0000000080000000, 0x0000000100000000)
  region size 1024K, 192 young (196608K), 3 survivors (3072K)
 Metaspace       used 178400K, capacity 186286K, committed 187776K, reserved 1212416K
  class space    used 21715K, capacity 24349K, committed 24576K, reserved 1048576K
}
Event: 1175.899 GC heap after
{Heap after GC invocations=230 (full 5):
 garbage-first heap   total 555008K, used 211969K [0x0000000080000000, 0x0000000100000000)
  region size 1024K, 7 young (7168K), 7 survivors (7168K)
 Metaspace       used 178400K, capacity 186286K, committed 187776K, reserved 1212416K
  class space    used 21715K, capacity 24349K, committed 24576K, reserved 1048576K
}
Event: 1176.205 GC heap before
{Heap before GC invocations=231 (full 5):
 garbage-first heap   total 555008K, used 427009K [0x0000000080000000, 0x0000000100000000)
  region size 1024K, 217 young (222208K), 7 survivors (7168K)
 Metaspace       used 178411K, capacity 186286K, committed 187776K, reserved 1212416K
  class space    used 21716K, capacity 24349K, committed 24576K, reserved 1048576K
}
Event: 1176.220 GC heap after
{Heap after GC invocations=232 (full 5):
 garbage-first heap   total 555008K, used 221948K [0x0000000080000000, 0x0000000100000000)
  region size 1024K, 17 young (17408K), 17 survivors (17408K)
 Metaspace       used 178411K, capacity 186286K, committed 187776K, reserved 1212416K
  class space    used 21716K, capacity 24349K, committed 24576K, reserved 1048576K
}
Event: 1176.232 GC heap before
{Heap before GC invocations=232 (full 5):
 garbage-first heap   total 555008K, used 232188K [0x0000000080000000, 0x0000000100000000)
  region size 1024K, 27 young (27648K), 17 survivors (17408K)
 Metaspace       used 178411K, capacity 186286K, committed 187776K, reserved 1212416K
  class space    used 21716K, capacity 24349K, committed 24576K, reserved 1048576K
}
Event: 1176.247 GC heap after
{Heap after GC invocations=233 (full 5):
 garbage-first heap   total 555008K, used 220151K [0x0000000080000000, 0x0000000100000000)
  region size 1024K, 3 young (3072K), 3 survivors (3072K)
 Metaspace       used 178411K, capacity 186286K, committed 187776K, reserved 1212416K
  class space    used 21716K, capacity 24349K, committed 24576K, reserved 1048576K
}
Event: 1176.458 GC heap before
{Heap before GC invocations=233 (full 5):
 garbage-first heap   total 555008K, used 444407K [0x0000000080000000, 0x0000000100000000)
  region size 1024K, 222 young (227328K), 3 survivors (3072K)
 Metaspace       used 178431K, capacity 186286K, committed 187776K, reserved 1212416K
  class space    used 21716K, capacity 24349K, committed 24576K, reserved 1048576K
}
Event: 1176.462 GC heap after
{Heap after GC invocations=234 (full 5):
 garbage-first heap   total 555008K, used 219454K [0x0000000080000000, 0x0000000100000000)
  region size 1024K, 2 young (2048K), 2 survivors (2048K)
 Metaspace       used 178431K, capacity 186286K, committed 187776K, reserved 1212416K
  class space    used 21716K, capacity 24349K, committed 24576K, reserved 1048576K
}
Event: 1176.826 GC heap before
{Heap before GC invocations=234 (full 5):
 garbage-first heap   total 555008K, used 459070K [0x0000000080000000, 0x0000000100000000)
  region size 1024K, 236 young (241664K), 2 survivors (2048K)
 Metaspace       used 178446K, capacity 186351K, committed 187776K, reserved 1212416K
  class space    used 21716K, capacity 24349K, committed 24576K, reserved 1048576K
}
Event: 1176.832 GC heap after
{Heap after GC invocations=235 (full 5):
 garbage-first heap   total 555008K, used 220213K [0x0000000080000000, 0x0000000100000000)
  region size 1024K, 3 young (3072K), 3 survivors (3072K)
 Metaspace       used 178446K, capacity 186351K, committed 187776K, reserved 1212416K
  class space    used 21716K, capacity 24349K, committed 24576K, reserved 1048576K
}
Event: 1177.069 GC heap before
{Heap before GC invocations=236 (full 5):
 garbage-first heap   total 555008K, used 464949K [0x0000000080000000, 0x0000000100000000)
  region size 1024K, 242 young (247808K), 3 survivors (3072K)
 Metaspace       used 178454K, capacity 186351K, committed 187776K, reserved 1212416K
  class space    used 21716K, capacity 24349K, committed 24576K, reserved 1048576K
}
Event: 1177.075 GC heap after
{Heap after GC invocations=237 (full 5):
 garbage-first heap   total 555008K, used 221388K [0x0000000080000000, 0x0000000100000000)
  region size 1024K, 4 young (4096K), 4 survivors (4096K)
 Metaspace       used 178454K, capacity 186351K, committed 187776K, reserved 1212416K
  class space    used 21716K, capacity 24349K, committed 24576K, reserved 1048576K
}
Event: 1177.096 GC heap before
{Heap before GC invocations=237 (full 5):
 garbage-first heap   total 555008K, used 244940K [0x0000000080000000, 0x0000000100000000)
  region size 1024K, 27 young (27648K), 4 survivors (4096K)
 Metaspace       used 178454K, capacity 186351K, committed 187776K, reserved 1212416K
  class space    used 21716K, capacity 24349K, committed 24576K, reserved 1048576K
}
Event: 1177.108 GC heap after
{Heap after GC invocations=238 (full 5):
 garbage-first heap   total 555008K, used 209097K [0x0000000080000000, 0x0000000100000000)
  region size 1024K, 3 young (3072K), 3 survivors (3072K)
 Metaspace       used 178454K, capacity 186351K, committed 187776K, reserved 1212416K
  class space    used 21716K, capacity 24349K, committed 24576K, reserved 1048576K
}
Event: 1177.354 GC heap before
{Heap before GC invocations=238 (full 5):
 garbage-first heap   total 555008K, used 463049K [0x0000000080000000, 0x0000000100000000)
  region size 1024K, 251 young (257024K), 3 survivors (3072K)
 Metaspace       used 178466K, capacity 186359K, committed 187776K, reserved 1212416K
  class space    used 21718K, capacity 24352K, committed 24576K, reserved 1048576K
}

