# JRE version: OpenJDK Runtime Environment (8.0_242-b01) (build 1.8.0_242-release-1644-b01)
# Java VM: OpenJDK 64-Bit Server VM (25.242-b01 mixed mode windows-amd64 compressed oops)
Heap:
 PSYoungGen      total 398336K, used 29518K [0x00000000d5580000, 0x00000000f5900000, 0x0000000100000000)
  eden space 376320K, 7% used [0x00000000d5580000,0x00000000d7253a60,0x00000000ec500000)
  from space 22016K, 0% used [0x00000000ec500000,0x00000000ec500000,0x00000000eda80000)
  to   space 25600K, 0% used [0x00000000f4000000,0x00000000f4000000,0x00000000f5900000)
 ParOldGen       total 128512K, used 35940K [0x0000000080000000, 0x0000000087d80000, 0x00000000d5580000)
  object space 128512K, 27% used [0x0000000080000000,0x0000000082319388,0x0000000087d80000)
 Metaspace       used 58453K, capacity 60868K, committed 61224K, reserved 1101824K
  class space    used 8096K, capacity 8643K, committed 8752K, reserved 1048576K
GC Heap History (10 events):
Event: 3.008 GC heap before
{Heap before GC invocations=8 (full 1):
 PSYoungGen      total 238080K, used 55144K [0x00000000d5580000, 0x00000000e6e80000, 0x0000000100000000)
  eden space 225280K, 18% used [0x00000000d5580000,0x00000000d7edd6e8,0x00000000e3180000)
  from space 12800K, 99% used [0x00000000e6200000,0x00000000e6e7ca70,0x00000000e6e80000)
  to   space 16896K, 0% used [0x00000000e4d80000,0x00000000e4d80000,0x00000000e5e00000)
 ParOldGen       total 58368K, used 12564K [0x0000000080000000, 0x0000000083900000, 0x00000000d5580000)
  object space 58368K, 21% used [0x0000000080000000,0x0000000080c45068,0x0000000083900000)
 Metaspace       used 34242K, capacity 35442K, committed 35496K, reserved 1079296K
  class space    used 4720K, capacity 5028K, committed 5040K, reserved 1048576K
Event: 3.015 GC heap after
Heap after GC invocations=8 (full 1):
 PSYoungGen      total 270848K, used 10736K [0x00000000d5580000, 0x00000000ef000000, 0x0000000100000000)
  eden space 253952K, 0% used [0x00000000d5580000,0x00000000d5580000,0x00000000e4d80000)
  from space 16896K, 63% used [0x00000000e4d80000,0x00000000e57fc118,0x00000000e5e00000)
  to   space 16896K, 0% used [0x00000000edf80000,0x00000000edf80000,0x00000000ef000000)
 ParOldGen       total 58368K, used 12572K [0x0000000080000000, 0x0000000083900000, 0x00000000d5580000)
  object space 58368K, 21% used [0x0000000080000000,0x0000000080c47068,0x0000000083900000)
 Metaspace       used 34242K, capacity 35442K, committed 35496K, reserved 1079296K
  class space    used 4720K, capacity 5028K, committed 5040K, reserved 1048576K
}
Event: 3.015 GC heap before
{Heap before GC invocations=9 (full 2):
 PSYoungGen      total 270848K, used 10736K [0x00000000d5580000, 0x00000000ef000000, 0x0000000100000000)
  eden space 253952K, 0% used [0x00000000d5580000,0x00000000d5580000,0x00000000e4d80000)
  from space 16896K, 63% used [0x00000000e4d80000,0x00000000e57fc118,0x00000000e5e00000)
  to   space 16896K, 0% used [0x00000000edf80000,0x00000000edf80000,0x00000000ef000000)
 ParOldGen       total 58368K, used 12572K [0x0000000080000000, 0x0000000083900000, 0x00000000d5580000)
  object space 58368K, 21% used [0x0000000080000000,0x0000000080c47068,0x0000000083900000)
 Metaspace       used 34242K, capacity 35442K, committed 35496K, reserved 1079296K
  class space    used 4720K, capacity 5028K, committed 5040K, reserved 1048576K
Event: 3.072 GC heap after
Heap after GC invocations=9 (full 2):
 PSYoungGen      total 270848K, used 0K [0x00000000d5580000, 0x00000000ef000000, 0x0000000100000000)
  eden space 253952K, 0% used [0x00000000d5580000,0x00000000d5580000,0x00000000e4d80000)
  from space 16896K, 0% used [0x00000000e4d80000,0x00000000e4d80000,0x00000000e5e00000)
  to   space 16896K, 0% used [0x00000000edf80000,0x00000000edf80000,0x00000000ef000000)
 ParOldGen       total 84480K, used 16943K [0x0000000080000000, 0x0000000085280000, 0x00000000d5580000)
  object space 84480K, 20% used [0x0000000080000000,0x000000008108bd80,0x0000000085280000)
 Metaspace       used 34242K, capacity 35442K, committed 35496K, reserved 1079296K
  class space    used 4720K, capacity 5028K, committed 5040K, reserved 1048576K
}
Event: 4.373 GC heap before
{Heap before GC invocations=10 (full 2):
 PSYoungGen      total 270848K, used 253952K [0x00000000d5580000, 0x00000000ef000000, 0x0000000100000000)
  eden space 253952K, 100% used [0x00000000d5580000,0x00000000e4d80000,0x00000000e4d80000)
  from space 16896K, 0% used [0x00000000e4d80000,0x00000000e4d80000,0x00000000e5e00000)
  to   space 16896K, 0% used [0x00000000edf80000,0x00000000edf80000,0x00000000ef000000)
 ParOldGen       total 84480K, used 16943K [0x0000000080000000, 0x0000000085280000, 0x00000000d5580000)
  object space 84480K, 20% used [0x0000000080000000,0x000000008108bd80,0x0000000085280000)
 Metaspace       used 48673K, capacity 50662K, committed 50728K, reserved 1093632K
  class space    used 6564K, capacity 6955K, committed 6960K, reserved 1048576K
Event: 4.388 GC heap after
Heap after GC invocations=10 (full 2):
 PSYoungGen      total 391680K, used 16870K [0x00000000d5580000, 0x00000000ef000000, 0x0000000100000000)
  eden space 374784K, 0% used [0x00000000d5580000,0x00000000d5580000,0x00000000ec380000)
  from space 16896K, 99% used [0x00000000edf80000,0x00000000eeff98d0,0x00000000ef000000)
  to   space 22016K, 0% used [0x00000000ec500000,0x00000000ec500000,0x00000000eda80000)
 ParOldGen       total 84480K, used 22719K [0x0000000080000000, 0x0000000085280000, 0x00000000d5580000)
  object space 84480K, 26% used [0x0000000080000000,0x000000008162ff60,0x0000000085280000)
 Metaspace       used 48673K, capacity 50662K, committed 50728K, reserved 1093632K
  class space    used 6564K, capacity 6955K, committed 6960K, reserved 1048576K
}
Event: 5.164 GC heap before
{Heap before GC invocations=11 (full 2):
 PSYoungGen      total 391680K, used 114148K [0x00000000d5580000, 0x00000000ef000000, 0x0000000100000000)
  eden space 374784K, 25% used [0x00000000d5580000,0x00000000db47f890,0x00000000ec380000)
  from space 16896K, 99% used [0x00000000edf80000,0x00000000eeff98d0,0x00000000ef000000)
  to   space 22016K, 0% used [0x00000000ec500000,0x00000000ec500000,0x00000000eda80000)
 ParOldGen       total 84480K, used 22719K [0x0000000080000000, 0x0000000085280000, 0x00000000d5580000)
  object space 84480K, 26% used [0x0000000080000000,0x000000008162ff60,0x0000000085280000)
 Metaspace       used 56639K, capacity 59040K, committed 59160K, reserved 1099776K
  class space    used 7777K, capacity 8301K, committed 8368K, reserved 1048576K
Event: 5.179 GC heap after
Heap after GC invocations=11 (full 2):
 PSYoungGen      total 398336K, used 21898K [0x00000000d5580000, 0x00000000f5900000, 0x0000000100000000)
  eden space 376320K, 0% used [0x00000000d5580000,0x00000000d5580000,0x00000000ec500000)
  from space 22016K, 99% used [0x00000000ec500000,0x00000000eda62b90,0x00000000eda80000)
  to   space 25600K, 0% used [0x00000000f4000000,0x00000000f4000000,0x00000000f5900000)
 ParOldGen       total 84480K, used 22791K [0x0000000080000000, 0x0000000085280000, 0x00000000d5580000)
  object space 84480K, 26% used [0x0000000080000000,0x0000000081641f70,0x0000000085280000)
 Metaspace       used 56639K, capacity 59040K, committed 59160K, reserved 1099776K
  class space    used 7777K, capacity 8301K, committed 8368K, reserved 1048576K
}
Event: 5.179 GC heap before
{Heap before GC invocations=12 (full 3):
 PSYoungGen      total 398336K, used 21898K [0x00000000d5580000, 0x00000000f5900000, 0x0000000100000000)
  eden space 376320K, 0% used [0x00000000d5580000,0x00000000d5580000,0x00000000ec500000)
  from space 22016K, 99% used [0x00000000ec500000,0x00000000eda62b90,0x00000000eda80000)
  to   space 25600K, 0% used [0x00000000f4000000,0x00000000f4000000,0x00000000f5900000)
 ParOldGen       total 84480K, used 22791K [0x0000000080000000, 0x0000000085280000, 0x00000000d5580000)
  object space 84480K, 26% used [0x0000000080000000,0x0000000081641f70,0x0000000085280000)
 Metaspace       used 56639K, capacity 59040K, committed 59160K, reserved 1099776K
  class space    used 7777K, capacity 8301K, committed 8368K, reserved 1048576K
Event: 5.361 GC heap after
Heap after GC invocations=12 (full 3):
 PSYoungGen      total 398336K, used 0K [0x00000000d5580000, 0x00000000f5900000, 0x0000000100000000)
  eden space 376320K, 0% used [0x00000000d5580000,0x00000000d5580000,0x00000000ec500000)
  from space 22016K, 0% used [0x00000000ec500000,0x00000000ec500000,0x00000000eda80000)
  to   space 25600K, 0% used [0x00000000f4000000,0x00000000f4000000,0x00000000f5900000)
 ParOldGen       total 128512K, used 35940K [0x0000000080000000, 0x0000000087d80000, 0x00000000d5580000)
  object space 128512K, 27% used [0x0000000080000000,0x0000000082319388,0x0000000087d80000)
 Metaspace       used 56596K, capacity 58896K, committed 59160K, reserved 1099776K
  class space    used 7764K, capacity 8277K, committed 8368K, reserved 1048576K
}

