# JRE version: OpenJDK Runtime Environment (8.0_242-b01) (build 1.8.0_242-release-1644-b01)
# Java VM: OpenJDK 64-Bit Server VM (25.242-b01 mixed mode windows-amd64 compressed oops)
Heap:
 PSYoungGen      total 280064K, used 155948K [0x00000000d5580000, 0x00000000e8380000, 0x0000000100000000)
  eden space 260096K, 55% used [0x00000000d5580000,0x00000000de379018,0x00000000e5380000)
  from space 19968K, 52% used [0x00000000e6f80000,0x00000000e79d2228,0x00000000e8300000)
  to   space 24576K, 0% used [0x00000000e5380000,0x00000000e5380000,0x00000000e6b80000)
 ParOldGen       total 115712K, used 50331K [0x0000000080000000, 0x0000000087100000, 0x00000000d5580000)
  object space 115712K, 43% used [0x0000000080000000,0x0000000083126e80,0x0000000087100000)
 Metaspace       used 85906K, capacity 90420K, committed 90792K, reserved 1128448K
  class space    used 11278K, capacity 12098K, committed 12208K, reserved 1048576K
GC Heap History (10 events):
Event: 5.653 GC heap before
{Heap before GC invocations=15 (full 3):
 PSYoungGen      total 233984K, used 2260K [0x00000000d5580000, 0x00000000e5800000, 0x0000000100000000)
  eden space 213504K, 0% used [0x00000000d5580000,0x00000000d5580000,0x00000000e2600000)
  from space 20480K, 11% used [0x00000000e3a00000,0x00000000e3c35320,0x00000000e4e00000)
  to   space 20480K, 0% used [0x00000000e2600000,0x00000000e2600000,0x00000000e3a00000)
 ParOldGen       total 77824K, used 45024K [0x0000000080000000, 0x0000000084c00000, 0x00000000d5580000)
  object space 77824K, 57% used [0x0000000080000000,0x0000000082bf8010,0x0000000084c00000)
 Metaspace       used 56590K, capacity 59050K, committed 59160K, reserved 1099776K
  class space    used 7763K, capacity 8302K, committed 8368K, reserved 1048576K
Event: 5.811 GC heap after
Heap after GC invocations=15 (full 3):
 PSYoungGen      total 233984K, used 0K [0x00000000d5580000, 0x00000000e5800000, 0x0000000100000000)
  eden space 213504K, 0% used [0x00000000d5580000,0x00000000d5580000,0x00000000e2600000)
  from space 20480K, 0% used [0x00000000e3a00000,0x00000000e3a00000,0x00000000e4e00000)
  to   space 20480K, 0% used [0x00000000e2600000,0x00000000e2600000,0x00000000e3a00000)
 ParOldGen       total 115712K, used 31792K [0x0000000080000000, 0x0000000087100000, 0x00000000d5580000)
  object space 115712K, 27% used [0x0000000080000000,0x0000000081f0c298,0x0000000087100000)
 Metaspace       used 56546K, capacity 58900K, committed 59160K, reserved 1099776K
  class space    used 7749K, capacity 8277K, committed 8368K, reserved 1048576K
}
Event: 7.220 GC heap before
{Heap before GC invocations=16 (full 3):
 PSYoungGen      total 233984K, used 213504K [0x00000000d5580000, 0x00000000e5800000, 0x0000000100000000)
  eden space 213504K, 100% used [0x00000000d5580000,0x00000000e2600000,0x00000000e2600000)
  from space 20480K, 0% used [0x00000000e3a00000,0x00000000e3a00000,0x00000000e4e00000)
  to   space 20480K, 0% used [0x00000000e2600000,0x00000000e2600000,0x00000000e3a00000)
 ParOldGen       total 115712K, used 31792K [0x0000000080000000, 0x0000000087100000, 0x00000000d5580000)
  object space 115712K, 27% used [0x0000000080000000,0x0000000081f0c298,0x0000000087100000)
 Metaspace       used 63788K, capacity 66428K, committed 66728K, reserved 1105920K
  class space    used 8677K, capacity 9275K, committed 9392K, reserved 1048576K
Event: 7.232 GC heap after
Heap after GC invocations=16 (full 3):
 PSYoungGen      total 233984K, used 9873K [0x00000000d5580000, 0x00000000e8300000, 0x0000000100000000)
  eden space 213504K, 0% used [0x00000000d5580000,0x00000000d5580000,0x00000000e2600000)
  from space 20480K, 48% used [0x00000000e2600000,0x00000000e2fa4798,0x00000000e3a00000)
  to   space 19968K, 0% used [0x00000000e6f80000,0x00000000e6f80000,0x00000000e8300000)
 ParOldGen       total 115712K, used 31800K [0x0000000080000000, 0x0000000087100000, 0x00000000d5580000)
  object space 115712K, 27% used [0x0000000080000000,0x0000000081f0e298,0x0000000087100000)
 Metaspace       used 63788K, capacity 66428K, committed 66728K, reserved 1105920K
  class space    used 8677K, capacity 9275K, committed 9392K, reserved 1048576K
}
Event: 84.566 GC heap before
{Heap before GC invocations=17 (full 3):
 PSYoungGen      total 233984K, used 223377K [0x00000000d5580000, 0x00000000e8300000, 0x0000000100000000)
  eden space 213504K, 100% used [0x00000000d5580000,0x00000000e2600000,0x00000000e2600000)
  from space 20480K, 48% used [0x00000000e2600000,0x00000000e2fa4798,0x00000000e3a00000)
  to   space 19968K, 0% used [0x00000000e6f80000,0x00000000e6f80000,0x00000000e8300000)
 ParOldGen       total 115712K, used 31800K [0x0000000080000000, 0x0000000087100000, 0x00000000d5580000)
  object space 115712K, 27% used [0x0000000080000000,0x0000000081f0e298,0x0000000087100000)
 Metaspace       used 72401K, capacity 76340K, committed 76584K, reserved 1116160K
  class space    used 9696K, capacity 10463K, committed 10544K, reserved 1048576K
Event: 84.587 GC heap after
Heap after GC invocations=17 (full 3):
 PSYoungGen      total 280064K, used 19960K [0x00000000d5580000, 0x00000000e8380000, 0x0000000100000000)
  eden space 260096K, 0% used [0x00000000d5580000,0x00000000d5580000,0x00000000e5380000)
  from space 19968K, 99% used [0x00000000e6f80000,0x00000000e82fe068,0x00000000e8300000)
  to   space 24576K, 0% used [0x00000000e5380000,0x00000000e5380000,0x00000000e6b80000)
 ParOldGen       total 115712K, used 36309K [0x0000000080000000, 0x0000000087100000, 0x00000000d5580000)
  object space 115712K, 31% used [0x0000000080000000,0x00000000823755b0,0x0000000087100000)
 Metaspace       used 72401K, capacity 76340K, committed 76584K, reserved 1116160K
  class space    used 9696K, capacity 10463K, committed 10544K, reserved 1048576K
}
Event: 87.298 GC heap before
{Heap before GC invocations=18 (full 3):
 PSYoungGen      total 280064K, used 280056K [0x00000000d5580000, 0x00000000e8380000, 0x0000000100000000)
  eden space 260096K, 100% used [0x00000000d5580000,0x00000000e5380000,0x00000000e5380000)
  from space 19968K, 99% used [0x00000000e6f80000,0x00000000e82fe068,0x00000000e8300000)
  to   space 24576K, 0% used [0x00000000e5380000,0x00000000e5380000,0x00000000e6b80000)
 ParOldGen       total 115712K, used 36309K [0x0000000080000000, 0x0000000087100000, 0x00000000d5580000)
  object space 115712K, 31% used [0x0000000080000000,0x00000000823755b0,0x0000000087100000)
 Metaspace       used 78743K, capacity 83162K, committed 83240K, reserved 1122304K
  class space    used 10445K, capacity 11284K, committed 11312K, reserved 1048576K
Event: 87.320 GC heap after
Heap after GC invocations=18 (full 3):
 PSYoungGen      total 284672K, used 13071K [0x00000000d5580000, 0x00000000e8380000, 0x0000000100000000)
  eden space 260096K, 0% used [0x00000000d5580000,0x00000000d5580000,0x00000000e5380000)
  from space 24576K, 53% used [0x00000000e5380000,0x00000000e6043f58,0x00000000e6b80000)
  to   space 19968K, 0% used [0x00000000e6f80000,0x00000000e6f80000,0x00000000e8300000)
 ParOldGen       total 115712K, used 50323K [0x0000000080000000, 0x0000000087100000, 0x00000000d5580000)
  object space 115712K, 43% used [0x0000000080000000,0x0000000083124e80,0x0000000087100000)
 Metaspace       used 78743K, capacity 83162K, committed 83240K, reserved 1122304K
  class space    used 10445K, capacity 11284K, committed 11312K, reserved 1048576K
}
Event: 89.614 GC heap before
{Heap before GC invocations=19 (full 3):
 PSYoungGen      total 284672K, used 273167K [0x00000000d5580000, 0x00000000e8380000, 0x0000000100000000)
  eden space 260096K, 100% used [0x00000000d5580000,0x00000000e5380000,0x00000000e5380000)
  from space 24576K, 53% used [0x00000000e5380000,0x00000000e6043f58,0x00000000e6b80000)
  to   space 19968K, 0% used [0x00000000e6f80000,0x00000000e6f80000,0x00000000e8300000)
 ParOldGen       total 115712K, used 50323K [0x0000000080000000, 0x0000000087100000, 0x00000000d5580000)
  object space 115712K, 43% used [0x0000000080000000,0x0000000083124e80,0x0000000087100000)
 Metaspace       used 80347K, capacity 84824K, committed 84904K, reserved 1122304K
  class space    used 10571K, capacity 11405K, committed 11440K, reserved 1048576K
Event: 89.624 GC heap after
Heap after GC invocations=19 (full 3):
 PSYoungGen      total 280064K, used 10568K [0x00000000d5580000, 0x00000000e8380000, 0x0000000100000000)
  eden space 260096K, 0% used [0x00000000d5580000,0x00000000d5580000,0x00000000e5380000)
  from space 19968K, 52% used [0x00000000e6f80000,0x00000000e79d2228,0x00000000e8300000)
  to   space 24576K, 0% used [0x00000000e5380000,0x00000000e5380000,0x00000000e6b80000)
 ParOldGen       total 115712K, used 50331K [0x0000000080000000, 0x0000000087100000, 0x00000000d5580000)
  object space 115712K, 43% used [0x0000000080000000,0x0000000083126e80,0x0000000087100000)
 Metaspace       used 80347K, capacity 84824K, committed 84904K, reserved 1122304K
  class space    used 10571K, capacity 11405K, committed 11440K, reserved 1048576K
}

