# JRE version: OpenJDK Runtime Environment (8.0_242-b01) (build 1.8.0_242-release-1644-b01)
# Java VM: OpenJDK 64-Bit Server VM (25.242-b01 mixed mode windows-amd64 compressed oops)
Heap:
 PSYoungGen      total 235008K, used 55989K [0x00000000d5580000, 0x00000000e5600000, 0x0000000100000000)
  eden space 214528K, 16% used [0x00000000d5580000,0x00000000d7832718,0x00000000e2700000)
  from space 20480K, 99% used [0x00000000e2700000,0x00000000e3afb018,0x00000000e3b00000)
  to   space 20480K, 0% used [0x00000000e3b00000,0x00000000e3b00000,0x00000000e4f00000)
 ParOldGen       total 116224K, used 33748K [0x0000000080000000, 0x0000000087180000, 0x00000000d5580000)
  object space 116224K, 29% used [0x0000000080000000,0x00000000820f5398,0x0000000087180000)
 Metaspace       used 65773K, capacity 69274K, committed 69416K, reserved 1110016K
  class space    used 9080K, capacity 9754K, committed 9776K, reserved 1048576K
GC Heap History (10 events):
Event: 3.728 GC heap before
{Heap before GC invocations=12 (full 2):
 PSYoungGen      total 138240K, used 126976K [0x00000000d5580000, 0x00000000e1800000, 0x0000000100000000)
  eden space 126976K, 100% used [0x00000000d5580000,0x00000000dd180000,0x00000000dd180000)
  from space 11264K, 0% used [0x00000000dd180000,0x00000000dd180000,0x00000000ddc80000)
  to   space 13824K, 0% used [0x00000000e0a80000,0x00000000e0a80000,0x00000000e1800000)
 ParOldGen       total 78336K, used 19027K [0x0000000080000000, 0x0000000084c80000, 0x00000000d5580000)
  object space 78336K, 24% used [0x0000000080000000,0x0000000081294f28,0x0000000084c80000)
 Metaspace       used 39097K, capacity 40976K, committed 41256K, reserved 1085440K
  class space    used 5419K, capacity 5834K, committed 5936K, reserved 1048576K
Event: 3.738 GC heap after
Heap after GC invocations=12 (full 2):
 PSYoungGen      total 176128K, used 9675K [0x00000000d5580000, 0x00000000e1400000, 0x0000000100000000)
  eden space 166400K, 0% used [0x00000000d5580000,0x00000000d5580000,0x00000000df800000)
  from space 9728K, 99% used [0x00000000e0a80000,0x00000000e13f2d90,0x00000000e1400000)
  to   space 13824K, 0% used [0x00000000df900000,0x00000000df900000,0x00000000e0680000)
 ParOldGen       total 78336K, used 19035K [0x0000000080000000, 0x0000000084c80000, 0x00000000d5580000)
  object space 78336K, 24% used [0x0000000080000000,0x0000000081296f28,0x0000000084c80000)
 Metaspace       used 39097K, capacity 40976K, committed 41256K, reserved 1085440K
  class space    used 5419K, capacity 5834K, committed 5936K, reserved 1048576K
}
Event: 5.079 GC heap before
{Heap before GC invocations=13 (full 2):
 PSYoungGen      total 176128K, used 176075K [0x00000000d5580000, 0x00000000e1400000, 0x0000000100000000)
  eden space 166400K, 100% used [0x00000000d5580000,0x00000000df800000,0x00000000df800000)
  from space 9728K, 99% used [0x00000000e0a80000,0x00000000e13f2d90,0x00000000e1400000)
  to   space 13824K, 0% used [0x00000000df900000,0x00000000df900000,0x00000000e0680000)
 ParOldGen       total 78336K, used 19035K [0x0000000080000000, 0x0000000084c80000, 0x00000000d5580000)
  object space 78336K, 24% used [0x0000000080000000,0x0000000081296f28,0x0000000084c80000)
 Metaspace       used 55337K, capacity 57688K, committed 58024K, reserved 1099776K
  class space    used 7561K, capacity 8069K, committed 8112K, reserved 1048576K
Event: 5.103 GC heap after
Heap after GC invocations=13 (full 2):
 PSYoungGen      total 181248K, used 13796K [0x00000000d5580000, 0x00000000e4f00000, 0x0000000100000000)
  eden space 167424K, 0% used [0x00000000d5580000,0x00000000d5580000,0x00000000df900000)
  from space 13824K, 99% used [0x00000000df900000,0x00000000e0679330,0x00000000e0680000)
  to   space 20480K, 0% used [0x00000000e3b00000,0x00000000e3b00000,0x00000000e4f00000)
 ParOldGen       total 78336K, used 31831K [0x0000000080000000, 0x0000000084c80000, 0x00000000d5580000)
  object space 78336K, 40% used [0x0000000080000000,0x0000000081f15d60,0x0000000084c80000)
 Metaspace       used 55337K, capacity 57688K, committed 58024K, reserved 1099776K
  class space    used 7561K, capacity 8069K, committed 8112K, reserved 1048576K
}
Event: 5.289 GC heap before
{Heap before GC invocations=14 (full 2):
 PSYoungGen      total 181248K, used 37311K [0x00000000d5580000, 0x00000000e4f00000, 0x0000000100000000)
  eden space 167424K, 14% used [0x00000000d5580000,0x00000000d6c769f8,0x00000000df900000)
  from space 13824K, 99% used [0x00000000df900000,0x00000000e0679330,0x00000000e0680000)
  to   space 20480K, 0% used [0x00000000e3b00000,0x00000000e3b00000,0x00000000e4f00000)
 ParOldGen       total 78336K, used 31831K [0x0000000080000000, 0x0000000084c80000, 0x00000000d5580000)
  object space 78336K, 40% used [0x0000000080000000,0x0000000081f15d60,0x0000000084c80000)
 Metaspace       used 56650K, capacity 59092K, committed 59160K, reserved 1099776K
  class space    used 7779K, capacity 8301K, committed 8368K, reserved 1048576K
Event: 5.301 GC heap after
Heap after GC invocations=14 (full 2):
 PSYoungGen      total 235008K, used 1984K [0x00000000d5580000, 0x00000000e5600000, 0x0000000100000000)
  eden space 214528K, 0% used [0x00000000d5580000,0x00000000d5580000,0x00000000e2700000)
  from space 20480K, 9% used [0x00000000e3b00000,0x00000000e3cf0000,0x00000000e4f00000)
  to   space 20480K, 0% used [0x00000000e2700000,0x00000000e2700000,0x00000000e3b00000)
 ParOldGen       total 78336K, used 45481K [0x0000000080000000, 0x0000000084c80000, 0x00000000d5580000)
  object space 78336K, 58% used [0x0000000080000000,0x0000000082c6a460,0x0000000084c80000)
 Metaspace       used 56650K, capacity 59092K, committed 59160K, reserved 1099776K
  class space    used 7779K, capacity 8301K, committed 8368K, reserved 1048576K
}
Event: 5.301 GC heap before
{Heap before GC invocations=15 (full 3):
 PSYoungGen      total 235008K, used 1984K [0x00000000d5580000, 0x00000000e5600000, 0x0000000100000000)
  eden space 214528K, 0% used [0x00000000d5580000,0x00000000d5580000,0x00000000e2700000)
  from space 20480K, 9% used [0x00000000e3b00000,0x00000000e3cf0000,0x00000000e4f00000)
  to   space 20480K, 0% used [0x00000000e2700000,0x00000000e2700000,0x00000000e3b00000)
 ParOldGen       total 78336K, used 45481K [0x0000000080000000, 0x0000000084c80000, 0x00000000d5580000)
  object space 78336K, 58% used [0x0000000080000000,0x0000000082c6a460,0x0000000084c80000)
 Metaspace       used 56650K, capacity 59092K, committed 59160K, reserved 1099776K
  class space    used 7779K, capacity 8301K, committed 8368K, reserved 1048576K
Event: 5.441 GC heap after
Heap after GC invocations=15 (full 3):
 PSYoungGen      total 235008K, used 0K [0x00000000d5580000, 0x00000000e5600000, 0x0000000100000000)
  eden space 214528K, 0% used [0x00000000d5580000,0x00000000d5580000,0x00000000e2700000)
  from space 20480K, 0% used [0x00000000e3b00000,0x00000000e3b00000,0x00000000e4f00000)
  to   space 20480K, 0% used [0x00000000e2700000,0x00000000e2700000,0x00000000e3b00000)
 ParOldGen       total 116224K, used 31779K [0x0000000080000000, 0x0000000087180000, 0x00000000d5580000)
  object space 116224K, 27% used [0x0000000080000000,0x0000000081f08c68,0x0000000087180000)
 Metaspace       used 56609K, capacity 58954K, committed 59160K, reserved 1099776K
  class space    used 7766K, capacity 8278K, committed 8368K, reserved 1048576K
}
Event: 7.214 GC heap before
{Heap before GC invocations=16 (full 3):
 PSYoungGen      total 235008K, used 214528K [0x00000000d5580000, 0x00000000e5600000, 0x0000000100000000)
  eden space 214528K, 100% used [0x00000000d5580000,0x00000000e2700000,0x00000000e2700000)
  from space 20480K, 0% used [0x00000000e3b00000,0x00000000e3b00000,0x00000000e4f00000)
  to   space 20480K, 0% used [0x00000000e2700000,0x00000000e2700000,0x00000000e3b00000)
 ParOldGen       total 116224K, used 31779K [0x0000000080000000, 0x0000000087180000, 0x00000000d5580000)
  object space 116224K, 27% used [0x0000000080000000,0x0000000081f08c68,0x0000000087180000)
 Metaspace       used 65148K, capacity 68524K, committed 68648K, reserved 1107968K
  class space    used 9006K, capacity 9661K, committed 9776K, reserved 1048576K
Event: 7.234 GC heap after
Heap after GC invocations=16 (full 3):
 PSYoungGen      total 235008K, used 20460K [0x00000000d5580000, 0x00000000e5600000, 0x0000000100000000)
  eden space 214528K, 0% used [0x00000000d5580000,0x00000000d5580000,0x00000000e2700000)
  from space 20480K, 99% used [0x00000000e2700000,0x00000000e3afb018,0x00000000e3b00000)
  to   space 20480K, 0% used [0x00000000e3b00000,0x00000000e3b00000,0x00000000e4f00000)
 ParOldGen       total 116224K, used 33748K [0x0000000080000000, 0x0000000087180000, 0x00000000d5580000)
  object space 116224K, 29% used [0x0000000080000000,0x00000000820f5398,0x0000000087180000)
 Metaspace       used 65148K, capacity 68524K, committed 68648K, reserved 1107968K
  class space    used 9006K, capacity 9661K, committed 9776K, reserved 1048576K
}

