# JRE version: OpenJDK Runtime Environment (8.0_242-b01) (build 1.8.0_242-release-1644-b01)
# Java VM: OpenJDK 64-Bit Server VM (25.242-b01 mixed mode windows-amd64 compressed oops)
Heap:
 PSYoungGen      total 326144K, used 299333K [0x00000000d5580000, 0x00000000eaf00000, 0x0000000100000000)
  eden space 306688K, 97% used [0x00000000d5580000,0x00000000e79d16b8,0x00000000e8100000)
  from space 19456K, 0% used [0x00000000e9880000,0x00000000e9880000,0x00000000eab80000)
  to   space 23552K, 0% used [0x00000000e8100000,0x00000000e8100000,0x00000000e9800000)
 ParOldGen       total 77824K, used 37971K [0x0000000080000000, 0x0000000084c00000, 0x00000000d5580000)
  object space 77824K, 48% used [0x0000000080000000,0x0000000082514f68,0x0000000084c00000)
 Metaspace       used 72533K, capacity 77987K, committed 78248K, reserved 1124352K
  class space    used 10345K, capacity 11368K, committed 11440K, reserved 1048576K
GC Heap History (10 events):
Event: 3.127 GC heap before
{Heap before GC invocations=9 (full 1):
 PSYoungGen      total 142848K, used 47010K [0x00000000d5580000, 0x00000000e5480000, 0x0000000100000000)
  eden space 131072K, 26% used [0x00000000d5580000,0x00000000d77f03a8,0x00000000dd580000)
  from space 11776K, 99% used [0x00000000dd580000,0x00000000de0f8728,0x00000000de100000)
  to   space 15360K, 0% used [0x00000000e4580000,0x00000000e4580000,0x00000000e5480000)
 ParOldGen       total 52736K, used 10326K [0x0000000080000000, 0x0000000083380000, 0x00000000d5580000)
  object space 52736K, 19% used [0x0000000080000000,0x0000000080a15868,0x0000000083380000)
 Metaspace       used 34183K, capacity 35390K, committed 35496K, reserved 1079296K
  class space    used 4706K, capacity 4992K, committed 5040K, reserved 1048576K
Event: 3.136 GC heap after
Heap after GC invocations=9 (full 1):
 PSYoungGen      total 245248K, used 10515K [0x00000000d5580000, 0x00000000e5600000, 0x0000000100000000)
  eden space 229888K, 0% used [0x00000000d5580000,0x00000000d5580000,0x00000000e3600000)
  from space 15360K, 68% used [0x00000000e4580000,0x00000000e4fc4d00,0x00000000e5480000)
  to   space 15872K, 0% used [0x00000000e3600000,0x00000000e3600000,0x00000000e4580000)
 ParOldGen       total 52736K, used 10334K [0x0000000080000000, 0x0000000083380000, 0x00000000d5580000)
  object space 52736K, 19% used [0x0000000080000000,0x0000000080a17868,0x0000000083380000)
 Metaspace       used 34183K, capacity 35390K, committed 35496K, reserved 1079296K
  class space    used 4706K, capacity 4992K, committed 5040K, reserved 1048576K
}
Event: 3.136 GC heap before
{Heap before GC invocations=10 (full 2):
 PSYoungGen      total 245248K, used 10515K [0x00000000d5580000, 0x00000000e5600000, 0x0000000100000000)
  eden space 229888K, 0% used [0x00000000d5580000,0x00000000d5580000,0x00000000e3600000)
  from space 15360K, 68% used [0x00000000e4580000,0x00000000e4fc4d00,0x00000000e5480000)
  to   space 15872K, 0% used [0x00000000e3600000,0x00000000e3600000,0x00000000e4580000)
 ParOldGen       total 52736K, used 10334K [0x0000000080000000, 0x0000000083380000, 0x00000000d5580000)
  object space 52736K, 19% used [0x0000000080000000,0x0000000080a17868,0x0000000083380000)
 Metaspace       used 34183K, capacity 35390K, committed 35496K, reserved 1079296K
  class space    used 4706K, capacity 4992K, committed 5040K, reserved 1048576K
Event: 3.177 GC heap after
Heap after GC invocations=10 (full 2):
 PSYoungGen      total 245248K, used 0K [0x00000000d5580000, 0x00000000e5600000, 0x0000000100000000)
  eden space 229888K, 0% used [0x00000000d5580000,0x00000000d5580000,0x00000000e3600000)
  from space 15360K, 0% used [0x00000000e4580000,0x00000000e4580000,0x00000000e5480000)
  to   space 15872K, 0% used [0x00000000e3600000,0x00000000e3600000,0x00000000e4580000)
 ParOldGen       total 77824K, used 16891K [0x0000000080000000, 0x0000000084c00000, 0x00000000d5580000)
  object space 77824K, 21% used [0x0000000080000000,0x000000008107ed58,0x0000000084c00000)
 Metaspace       used 34183K, capacity 35390K, committed 35496K, reserved 1079296K
  class space    used 4706K, capacity 4992K, committed 5040K, reserved 1048576K
}
Event: 4.282 GC heap before
{Heap before GC invocations=11 (full 2):
 PSYoungGen      total 245248K, used 229888K [0x00000000d5580000, 0x00000000e5600000, 0x0000000100000000)
  eden space 229888K, 100% used [0x00000000d5580000,0x00000000e3600000,0x00000000e3600000)
  from space 15360K, 0% used [0x00000000e4580000,0x00000000e4580000,0x00000000e5480000)
  to   space 15872K, 0% used [0x00000000e3600000,0x00000000e3600000,0x00000000e4580000)
 ParOldGen       total 77824K, used 16891K [0x0000000080000000, 0x0000000084c00000, 0x00000000d5580000)
  object space 77824K, 21% used [0x0000000080000000,0x000000008107ed58,0x0000000084c00000)
 Metaspace       used 46348K, capacity 48354K, committed 48808K, reserved 1091584K
  class space    used 6298K, capacity 6715K, committed 6832K, reserved 1048576K
Event: 4.296 GC heap after
Heap after GC invocations=11 (full 2):
 PSYoungGen      total 245760K, used 15857K [0x00000000d5580000, 0x00000000eab80000, 0x0000000100000000)
  eden space 229888K, 0% used [0x00000000d5580000,0x00000000d5580000,0x00000000e3600000)
  from space 15872K, 99% used [0x00000000e3600000,0x00000000e457c708,0x00000000e4580000)
  to   space 19456K, 0% used [0x00000000e9880000,0x00000000e9880000,0x00000000eab80000)
 ParOldGen       total 77824K, used 19427K [0x0000000080000000, 0x0000000084c00000, 0x00000000d5580000)
  object space 77824K, 24% used [0x0000000080000000,0x00000000812f8f60,0x0000000084c00000)
 Metaspace       used 46348K, capacity 48354K, committed 48808K, reserved 1091584K
  class space    used 6298K, capacity 6715K, committed 6832K, reserved 1048576K
}
Event: 5.241 GC heap before
{Heap before GC invocations=12 (full 2):
 PSYoungGen      total 245760K, used 137970K [0x00000000d5580000, 0x00000000eab80000, 0x0000000100000000)
  eden space 229888K, 53% used [0x00000000d5580000,0x00000000dccc0178,0x00000000e3600000)
  from space 15872K, 99% used [0x00000000e3600000,0x00000000e457c708,0x00000000e4580000)
  to   space 19456K, 0% used [0x00000000e9880000,0x00000000e9880000,0x00000000eab80000)
 ParOldGen       total 77824K, used 19427K [0x0000000080000000, 0x0000000084c00000, 0x00000000d5580000)
  object space 77824K, 24% used [0x0000000080000000,0x00000000812f8f60,0x0000000084c00000)
 Metaspace       used 56651K, capacity 59058K, committed 59160K, reserved 1099776K
  class space    used 7779K, capacity 8304K, committed 8368K, reserved 1048576K
Event: 5.259 GC heap after
Heap after GC invocations=12 (full 2):
 PSYoungGen      total 326144K, used 19451K [0x00000000d5580000, 0x00000000eaf00000, 0x0000000100000000)
  eden space 306688K, 0% used [0x00000000d5580000,0x00000000d5580000,0x00000000e8100000)
  from space 19456K, 99% used [0x00000000e9880000,0x00000000eab7ee38,0x00000000eab80000)
  to   space 23552K, 0% used [0x00000000e8100000,0x00000000e8100000,0x00000000e9800000)
 ParOldGen       total 77824K, used 24082K [0x0000000080000000, 0x0000000084c00000, 0x00000000d5580000)
  object space 77824K, 30% used [0x0000000080000000,0x0000000081784b30,0x0000000084c00000)
 Metaspace       used 56651K, capacity 59058K, committed 59160K, reserved 1099776K
  class space    used 7779K, capacity 8304K, committed 8368K, reserved 1048576K
}
Event: 5.259 GC heap before
{Heap before GC invocations=13 (full 3):
 PSYoungGen      total 326144K, used 19451K [0x00000000d5580000, 0x00000000eaf00000, 0x0000000100000000)
  eden space 306688K, 0% used [0x00000000d5580000,0x00000000d5580000,0x00000000e8100000)
  from space 19456K, 99% used [0x00000000e9880000,0x00000000eab7ee38,0x00000000eab80000)
  to   space 23552K, 0% used [0x00000000e8100000,0x00000000e8100000,0x00000000e9800000)
 ParOldGen       total 77824K, used 24082K [0x0000000080000000, 0x0000000084c00000, 0x00000000d5580000)
  object space 77824K, 30% used [0x0000000080000000,0x0000000081784b30,0x0000000084c00000)
 Metaspace       used 56651K, capacity 59058K, committed 59160K, reserved 1099776K
  class space    used 7779K, capacity 8304K, committed 8368K, reserved 1048576K
Event: 5.449 GC heap after
Heap after GC invocations=13 (full 3):
 PSYoungGen      total 326144K, used 0K [0x00000000d5580000, 0x00000000eaf00000, 0x0000000100000000)
  eden space 306688K, 0% used [0x00000000d5580000,0x00000000d5580000,0x00000000e8100000)
  from space 19456K, 0% used [0x00000000e9880000,0x00000000e9880000,0x00000000eab80000)
  to   space 23552K, 0% used [0x00000000e8100000,0x00000000e8100000,0x00000000e9800000)
 ParOldGen       total 77824K, used 37971K [0x0000000080000000, 0x0000000084c00000, 0x00000000d5580000)
  object space 77824K, 48% used [0x0000000080000000,0x0000000082514f68,0x0000000084c00000)
 Metaspace       used 56604K, capacity 58896K, committed 59160K, reserved 1099776K
  class space    used 7764K, capacity 8277K, committed 8368K, reserved 1048576K
}

